[  3%] Built target test_interface__cpp
failed to create symbolic link '/home/fly_ws/build/test_interface/ament_cmake_python/test_interface/test_interface' because existing path cannot be removed: Is a directory
gmake[2]: *** [CMakeFiles/ament_cmake_python_symlink_test_interface.dir/build.make:70: CMakeFiles/ament_cmake_python_symlink_test_interface] Error 1
gmake[1]: *** [CMakeFiles/Makefile2:421: CMakeFiles/ament_cmake_python_symlink_test_interface.dir/all] Error 2
gmake[1]: *** Waiting for unfinished jobs....
[ 12%] Built target test_interface__rosidl_generator_c
[35m[1mConsolidate compiler generated dependencies of target test_interface__rosidl_typesupport_cpp[0m
[ 22%] Built target test_interface__rosidl_typesupport_cpp
gmake: *** [Makefile:146: all] Error 2
