[0.028s] Invoking command in '/home/fly_ws/build/test_interface': CMAKE_PREFIX_PATH=${CMAKE_PREFIX_PATH}:/home/fly_ws/install/detect:/home/fly_ws/install/control:/opt/ros/humble /usr/bin/cmake --build /home/fly_ws/build/test_interface -- -j6 -l6
[0.137s] failed to create symbolic link '/home/fly_ws/build/test_interface/ament_cmake_python/test_interface/test_interface' because existing path cannot be removed: Is a directory
[0.140s] gmake[2]: *** [CMakeFiles/ament_cmake_python_symlink_test_interface.dir/build.make:70: CMakeFiles/ament_cmake_python_symlink_test_interface] Error 1
[0.140s] gmake[1]: *** [CMakeFiles/Makefile2:421: CMakeFiles/ament_cmake_python_symlink_test_interface.dir/all] Error 2
[0.140s] gmake[1]: *** Waiting for unfinished jobs....
[0.147s] [  9%] Built target test_interface__cpp
[0.148s] [ 12%] Built target test_interface__rosidl_generator_c
[0.150s] gmake: *** [Makefile:146: all] Error 2
[0.157s] Invoked command in '/home/fly_ws/build/test_interface' returned '2': CMAKE_PREFIX_PATH=${CMAKE_PREFIX_PATH}:/home/fly_ws/install/detect:/home/fly_ws/install/control:/opt/ros/humble /usr/bin/cmake --build /home/fly_ws/build/test_interface -- -j6 -l6
